2024-08-16 15:13:00.162 [info] [main] Log level: Info
2024-08-16 15:13:00.162 [info] [main] Validating found git in: "git"
2024-08-16 15:13:00.162 [info] [main] Using git "2.34.1" from "git"
2024-08-16 15:13:00.162 [info] [Model][doInitialScan] Initial repository scan started
2024-08-16 15:13:00.162 [info] > git rev-parse --show-toplevel [11ms]
2024-08-16 15:13:00.162 [info] fatal: not a git repository (or any of the parent directories): .git
2024-08-16 15:13:00.162 [info] > git rev-parse --show-toplevel [1ms]
2024-08-16 15:13:00.162 [info] fatal: not a git repository (or any of the parent directories): .git
2024-08-16 15:13:00.167 [info] > git rev-parse --show-toplevel [1ms]
2024-08-16 15:13:00.167 [info] fatal: not a git repository (or any of the parent directories): .git
2024-08-16 15:13:00.171 [info] > git rev-parse --show-toplevel [1ms]
2024-08-16 15:13:00.171 [info] fatal: not a git repository (or any of the parent directories): .git
2024-08-16 15:13:00.174 [info] > git rev-parse --show-toplevel [1ms]
2024-08-16 15:13:00.174 [info] fatal: not a git repository (or any of the parent directories): .git
2024-08-16 15:13:00.179 [info] > git rev-parse --show-toplevel [2ms]
2024-08-16 15:13:00.179 [info] fatal: not a git repository (or any of the parent directories): .git
2024-08-16 15:13:00.182 [info] > git rev-parse --show-toplevel [1ms]
2024-08-16 15:13:00.182 [info] fatal: not a git repository (or any of the parent directories): .git
2024-08-16 15:13:00.185 [info] > git rev-parse --show-toplevel [1ms]
2024-08-16 15:13:00.185 [info] fatal: not a git repository (or any of the parent directories): .git
2024-08-16 15:13:00.188 [info] > git rev-parse --show-toplevel [1ms]
2024-08-16 15:13:00.188 [info] fatal: not a git repository (or any of the parent directories): .git
2024-08-16 15:13:00.193 [info] > git rev-parse --show-toplevel [2ms]
2024-08-16 15:13:00.193 [info] fatal: not a git repository (or any of the parent directories): .git
2024-08-16 15:13:00.198 [info] [Model][doInitialScan] Initial repository scan completed - repositories (0), closed repositories (0), parent repositories (0), unsafe repositories (0)
