2024-08-16 16:24:36.603 [info] [main] Log level: Info
2024-08-16 16:24:36.603 [info] [main] Validating found git in: "git"
2024-08-16 16:24:36.603 [info] [main] Using git "2.34.1" from "git"
2024-08-16 16:24:36.603 [info] [Model][doInitialScan] Initial repository scan started
2024-08-16 16:24:36.603 [info] > git rev-parse --show-toplevel [5ms]
2024-08-16 16:24:36.603 [info] fatal: not a git repository (or any of the parent directories): .git
2024-08-16 16:24:36.607 [info] > git rev-parse --show-toplevel [0ms]
2024-08-16 16:24:36.607 [info] fatal: not a git repository (or any of the parent directories): .git
2024-08-16 16:24:36.616 [info] > git rev-parse --show-toplevel [0ms]
2024-08-16 16:24:36.616 [info] fatal: not a git repository (or any of the parent directories): .git
2024-08-16 16:24:36.620 [info] > git rev-parse --show-toplevel [1ms]
2024-08-16 16:24:36.620 [info] fatal: not a git repository (or any of the parent directories): .git
2024-08-16 16:24:36.623 [info] > git rev-parse --show-toplevel [1ms]
2024-08-16 16:24:36.623 [info] fatal: not a git repository (or any of the parent directories): .git
2024-08-16 16:24:36.626 [info] > git rev-parse --show-toplevel [1ms]
2024-08-16 16:24:36.626 [info] fatal: not a git repository (or any of the parent directories): .git
2024-08-16 16:24:36.630 [info] > git rev-parse --show-toplevel [1ms]
2024-08-16 16:24:36.630 [info] fatal: not a git repository (or any of the parent directories): .git
2024-08-16 16:24:36.633 [info] > git rev-parse --show-toplevel [0ms]
2024-08-16 16:24:36.633 [info] fatal: not a git repository (or any of the parent directories): .git
2024-08-16 16:24:36.636 [info] > git rev-parse --show-toplevel [0ms]
2024-08-16 16:24:36.636 [info] fatal: not a git repository (or any of the parent directories): .git
2024-08-16 16:24:36.640 [info] [Model][doInitialScan] Initial repository scan completed - repositories (0), closed repositories (0), parent repositories (0), unsafe repositories (0)
2024-08-16 16:25:23.243 [info] > git rev-parse --show-toplevel [127ms]
2024-08-16 16:25:23.243 [info] fatal: not a git repository (or any of the parent directories): .git
2024-08-16 16:25:26.233 [info] > git rev-parse --show-toplevel [1ms]
2024-08-16 16:25:26.233 [info] fatal: not a git repository (or any of the parent directories): .git
2024-08-16 16:28:58.790 [info] > git rev-parse --show-toplevel [3ms]
2024-08-16 16:28:58.797 [info] fatal: not a git repository (or any of the parent directories): .git
2024-08-16 16:29:00.522 [info] > git rev-parse --show-toplevel [3ms]
2024-08-16 16:29:00.522 [info] fatal: not a git repository (or any of the parent directories): .git
2024-08-16 16:29:05.944 [info] > git rev-parse --show-toplevel [5ms]
2024-08-16 16:29:05.945 [info] fatal: not a git repository (or any of the parent directories): .git
2024-08-16 16:29:21.802 [info] > git rev-parse --show-toplevel [1ms]
2024-08-16 16:29:21.802 [info] fatal: not a git repository (or any of the parent directories): .git
2024-08-16 16:32:20.935 [info] > git rev-parse --show-toplevel [2ms]
2024-08-16 16:32:20.935 [info] fatal: not a git repository (or any of the parent directories): .git
2024-08-16 16:32:32.225 [info] > git rev-parse --show-toplevel [1ms]
2024-08-16 16:32:32.226 [info] fatal: not a git repository (or any of the parent directories): .git
2024-08-16 16:32:41.599 [info] > git rev-parse --show-toplevel [1ms]
2024-08-16 16:32:41.599 [info] fatal: not a git repository (or any of the parent directories): .git
2024-08-16 16:32:42.926 [info] > git rev-parse --show-toplevel [2ms]
2024-08-16 16:32:42.926 [info] fatal: not a git repository (or any of the parent directories): .git
2024-08-16 16:32:45.023 [info] > git rev-parse --show-toplevel [1ms]
2024-08-16 16:32:45.023 [info] fatal: not a git repository (or any of the parent directories): .git
