2024-08-16 11:25:11.373 [info] [main] Log level: Info
2024-08-16 11:25:11.373 [info] [main] Validating found git in: "git"
2024-08-16 11:25:11.373 [info] [main] Using git "2.34.1" from "git"
2024-08-16 11:25:11.373 [info] [Model][doInitialScan] Initial repository scan started
2024-08-16 11:25:11.373 [info] > git rev-parse --show-toplevel [2ms]
2024-08-16 11:25:11.373 [info] fatal: not a git repository (or any of the parent directories): .git
2024-08-16 11:25:11.374 [info] > git rev-parse --show-toplevel [1ms]
2024-08-16 11:25:11.374 [info] fatal: not a git repository (or any of the parent directories): .git
2024-08-16 11:25:11.376 [info] > git rev-parse --show-toplevel [1ms]
2024-08-16 11:25:11.377 [info] fatal: not a git repository (or any of the parent directories): .git
2024-08-16 11:25:11.379 [info] > git rev-parse --show-toplevel [1ms]
2024-08-16 11:25:11.379 [info] fatal: not a git repository (or any of the parent directories): .git
2024-08-16 11:25:11.381 [info] > git rev-parse --show-toplevel [1ms]
2024-08-16 11:25:11.381 [info] fatal: not a git repository (or any of the parent directories): .git
2024-08-16 11:25:11.383 [info] [Model][doInitialScan] Initial repository scan completed - repositories (0), closed repositories (0), parent repositories (0), unsafe repositories (0)
2024-08-16 11:25:54.871 [info] > git rev-parse --show-toplevel [18ms]
2024-08-16 11:25:54.872 [info] fatal: not a git repository (or any of the parent directories): .git
2024-08-16 11:26:02.404 [info] > git rev-parse --show-toplevel [1ms]
2024-08-16 11:26:02.404 [info] fatal: not a git repository (or any of the parent directories): .git
2024-08-16 11:26:04.633 [info] > git rev-parse --show-toplevel [1ms]
2024-08-16 11:26:04.633 [info] fatal: not a git repository (or any of the parent directories): .git
2024-08-16 11:27:17.449 [info] > git rev-parse --show-toplevel [14ms]
2024-08-16 11:27:17.449 [info] fatal: not a git repository (or any of the parent directories): .git
2024-08-16 11:27:35.274 [info] > git rev-parse --show-toplevel [23ms]
2024-08-16 11:27:35.275 [info] fatal: not a git repository (or any of the parent directories): .git
2024-08-16 11:28:13.003 [info] > git rev-parse --show-toplevel [2ms]
2024-08-16 11:28:13.003 [info] fatal: not a git repository (or any of the parent directories): .git
2024-08-16 11:28:20.437 [info] > git rev-parse --show-toplevel [1ms]
2024-08-16 11:28:20.437 [info] fatal: not a git repository (or any of the parent directories): .git
2024-08-16 11:28:21.325 [info] > git rev-parse --show-toplevel [1ms]
2024-08-16 11:28:21.325 [info] fatal: not a git repository (or any of the parent directories): .git
2024-08-16 11:28:22.034 [info] > git rev-parse --show-toplevel [1ms]
2024-08-16 11:28:22.034 [info] fatal: not a git repository (or any of the parent directories): .git
2024-08-16 11:28:54.056 [info] > git rev-parse --show-toplevel [3ms]
2024-08-16 11:28:54.056 [info] fatal: not a git repository (or any of the parent directories): .git
2024-08-16 11:29:54.274 [info] > git rev-parse --show-toplevel [95ms]
2024-08-16 11:29:54.274 [info] fatal: not a git repository (or any of the parent directories): .git
2024-08-16 11:30:48.112 [info] > git rev-parse --show-toplevel [1ms]
2024-08-16 11:30:48.112 [info] fatal: not a git repository (or any of the parent directories): .git
2024-08-16 11:31:43.988 [info] > git rev-parse --show-toplevel [2ms]
2024-08-16 11:31:43.988 [info] fatal: not a git repository (or any of the parent directories): .git
2024-08-16 11:31:45.697 [info] > git rev-parse --show-toplevel [2ms]
2024-08-16 11:31:45.697 [info] fatal: not a git repository (or any of the parent directories): .git
2024-08-16 11:31:52.984 [info] > git rev-parse --show-toplevel [2ms]
2024-08-16 11:31:52.984 [info] fatal: not a git repository (or any of the parent directories): .git
2024-08-16 11:31:56.071 [info] > git rev-parse --show-toplevel [1ms]
2024-08-16 11:31:56.071 [info] fatal: not a git repository (or any of the parent directories): .git
2024-08-16 11:34:35.592 [info] > git rev-parse --show-toplevel [1ms]
2024-08-16 11:34:35.592 [info] fatal: not a git repository (or any of the parent directories): .git
2024-08-16 11:34:36.980 [info] > git rev-parse --show-toplevel [0ms]
2024-08-16 11:34:36.980 [info] fatal: not a git repository (or any of the parent directories): .git
2024-08-16 11:34:46.077 [info] > git rev-parse --show-toplevel [25ms]
2024-08-16 11:34:46.077 [info] fatal: not a git repository (or any of the parent directories): .git
2024-08-16 11:34:54.896 [info] > git rev-parse --show-toplevel [2ms]
2024-08-16 11:34:54.896 [info] fatal: not a git repository (or any of the parent directories): .git
2024-08-16 11:36:33.282 [info] > git rev-parse --show-toplevel [9ms]
2024-08-16 11:36:33.282 [info] fatal: not a git repository (or any of the parent directories): .git
2024-08-16 11:36:59.938 [info] > git rev-parse --show-toplevel [1ms]
2024-08-16 11:36:59.938 [info] fatal: not a git repository (or any of the parent directories): .git
2024-08-16 11:37:01.052 [info] > git rev-parse --show-toplevel [6ms]
2024-08-16 11:37:01.052 [info] fatal: not a git repository (or any of the parent directories): .git
2024-08-16 11:37:14.968 [info] > git rev-parse --show-toplevel [1ms]
2024-08-16 11:37:14.969 [info] fatal: not a git repository (or any of the parent directories): .git
2024-08-16 11:37:28.739 [info] > git rev-parse --show-toplevel [1ms]
2024-08-16 11:37:28.739 [info] fatal: not a git repository (or any of the parent directories): .git
2024-08-16 11:37:39.547 [info] > git rev-parse --show-toplevel [1ms]
2024-08-16 11:37:39.547 [info] fatal: not a git repository (or any of the parent directories): .git
2024-08-16 11:37:52.051 [info] > git rev-parse --show-toplevel [2ms]
2024-08-16 11:37:52.051 [info] fatal: not a git repository (or any of the parent directories): .git
2024-08-16 11:37:58.031 [info] > git rev-parse --show-toplevel [3ms]
2024-08-16 11:37:58.031 [info] fatal: not a git repository (or any of the parent directories): .git
2024-08-16 11:38:11.333 [info] > git rev-parse --show-toplevel [2ms]
2024-08-16 11:38:11.333 [info] fatal: not a git repository (or any of the parent directories): .git
2024-08-16 11:38:36.694 [info] > git rev-parse --show-toplevel [27ms]
2024-08-16 11:38:36.694 [info] fatal: not a git repository (or any of the parent directories): .git
2024-08-16 12:06:23.274 [info] > git rev-parse --show-toplevel [36ms]
2024-08-16 12:06:23.275 [info] fatal: not a git repository (or any of the parent directories): .git
2024-08-16 12:06:25.521 [info] > git rev-parse --show-toplevel [1ms]
2024-08-16 12:06:25.521 [info] fatal: not a git repository (or any of the parent directories): .git
2024-08-16 12:06:28.831 [info] > git rev-parse --show-toplevel [2ms]
2024-08-16 12:06:28.831 [info] fatal: not a git repository (or any of the parent directories): .git
2024-08-16 12:06:50.193 [info] > git rev-parse --show-toplevel [3ms]
2024-08-16 12:06:50.193 [info] fatal: not a git repository (or any of the parent directories): .git
2024-08-16 12:07:06.257 [info] > git rev-parse --show-toplevel [1ms]
2024-08-16 12:07:06.257 [info] fatal: not a git repository (or any of the parent directories): .git
2024-08-16 12:07:09.092 [info] > git rev-parse --show-toplevel [3ms]
2024-08-16 12:07:09.092 [info] fatal: not a git repository (or any of the parent directories): .git
2024-08-16 12:07:11.807 [info] > git rev-parse --show-toplevel [2ms]
2024-08-16 12:07:11.807 [info] fatal: not a git repository (or any of the parent directories): .git
2024-08-16 12:07:21.504 [info] > git rev-parse --show-toplevel [1ms]
2024-08-16 12:07:21.504 [info] fatal: not a git repository (or any of the parent directories): .git
2024-08-16 12:07:38.852 [info] > git rev-parse --show-toplevel [1ms]
2024-08-16 12:07:38.852 [info] fatal: not a git repository (or any of the parent directories): .git
2024-08-16 12:07:40.398 [info] > git rev-parse --show-toplevel [31ms]
2024-08-16 12:07:40.398 [info] fatal: not a git repository (or any of the parent directories): .git
2024-08-16 12:07:55.960 [info] > git rev-parse --show-toplevel [3ms]
2024-08-16 12:07:55.960 [info] fatal: not a git repository (or any of the parent directories): .git
2024-08-16 12:08:18.724 [info] > git rev-parse --show-toplevel [2ms]
2024-08-16 12:08:18.724 [info] fatal: not a git repository (or any of the parent directories): .git
2024-08-16 12:08:24.559 [info] > git rev-parse --show-toplevel [1ms]
2024-08-16 12:08:24.559 [info] fatal: not a git repository (or any of the parent directories): .git
2024-08-16 12:08:26.530 [info] > git rev-parse --show-toplevel [1ms]
2024-08-16 12:08:26.530 [info] fatal: not a git repository (or any of the parent directories): .git
2024-08-16 12:08:41.509 [info] > git rev-parse --show-toplevel [1ms]
2024-08-16 12:08:41.509 [info] fatal: not a git repository (or any of the parent directories): .git
2024-08-16 12:08:55.515 [info] > git rev-parse --show-toplevel [2ms]
2024-08-16 12:08:55.515 [info] fatal: not a git repository (or any of the parent directories): .git
2024-08-16 12:10:08.733 [info] > git rev-parse --show-toplevel [1ms]
2024-08-16 12:10:08.733 [info] fatal: not a git repository (or any of the parent directories): .git
2024-08-16 12:10:10.640 [info] > git rev-parse --show-toplevel [2ms]
2024-08-16 12:10:10.640 [info] fatal: not a git repository (or any of the parent directories): .git
2024-08-16 12:10:23.566 [info] > git rev-parse --show-toplevel [1ms]
2024-08-16 12:10:23.566 [info] fatal: not a git repository (or any of the parent directories): .git
2024-08-16 12:10:32.213 [info] > git rev-parse --show-toplevel [1ms]
2024-08-16 12:10:32.213 [info] fatal: not a git repository (or any of the parent directories): .git
2024-08-16 12:10:33.407 [info] > git rev-parse --show-toplevel [0ms]
2024-08-16 12:10:33.407 [info] fatal: not a git repository (or any of the parent directories): .git
2024-08-16 12:10:34.536 [info] > git rev-parse --show-toplevel [2ms]
2024-08-16 12:10:34.536 [info] fatal: not a git repository (or any of the parent directories): .git
2024-08-16 12:10:35.482 [info] > git rev-parse --show-toplevel [1ms]
2024-08-16 12:10:35.483 [info] fatal: not a git repository (or any of the parent directories): .git
2024-08-16 12:10:36.388 [info] > git rev-parse --show-toplevel [1ms]
2024-08-16 12:10:36.389 [info] fatal: not a git repository (or any of the parent directories): .git
2024-08-16 12:10:37.662 [info] > git rev-parse --show-toplevel [1ms]
2024-08-16 12:10:37.663 [info] fatal: not a git repository (or any of the parent directories): .git
